<?xml version="1.0" encoding="UTF-8"?>
<!-- Generated by org.testng.reporters.JUnitXMLReporter -->
<testsuite hostname="richard-Precision-5510" ignored="0" name="Surefire test" tests="2" failures="0" timestamp="23 Nov 2017 13:39:35 GMT" time="4.796" errors="0">
  <testcase name="googleCheeseExample" time="3.804" classname="com.lazerycode.selenium.tests.GoogleExampleIT"/>
  <testcase name="googleMilkExample" time="0.951" classname="com.lazerycode.selenium.tests.GoogleExampleIT"/>
</testsuite> <!-- Surefire test -->
