<?xml version="1.0" encoding="UTF-8"?>
<testng-results skipped="0" failed="0" ignored="0" total="2" passed="2">
  <reporter-output>
  </reporter-output>
  <suite name="Surefire suite" duration-ms="4796" started-at="2017-11-23T13:39:30Z" finished-at="2017-11-23T13:39:35Z">
    <groups>
    </groups>
    <test name="Surefire test" duration-ms="4796" started-at="2017-11-23T13:39:30Z" finished-at="2017-11-23T13:39:35Z">
      <class name="com.lazerycode.selenium.tests.GoogleExampleIT">
        <test-method status="PASS" signature="instantiateDriverObject()[pri:0, instance:com.lazerycode.selenium.tests.GoogleExampleIT@3d8c7aca]" name="instantiateDriverObject" is-config="true" duration-ms="5" started-at="2017-11-23T14:39:30Z" finished-at="2017-11-23T14:39:30Z">
          <reporter-output>
          </reporter-output>
        </test-method> <!-- instantiateDriverObject -->
        <test-method status="PASS" signature="googleCheeseExample()[pri:0, instance:com.lazerycode.selenium.tests.GoogleExampleIT@3d8c7aca]" name="googleCheeseExample" duration-ms="3804" started-at="2017-11-23T14:39:30Z" finished-at="2017-11-23T14:39:34Z">
          <reporter-output>
          </reporter-output>
        </test-method> <!-- googleCheeseExample -->
        <test-method status="PASS" signature="clearCookies()[pri:0, instance:com.lazerycode.selenium.tests.GoogleExampleIT@3d8c7aca]" name="clearCookies" is-config="true" duration-ms="15" started-at="2017-11-23T14:39:34Z" finished-at="2017-11-23T14:39:34Z">
          <reporter-output>
          </reporter-output>
        </test-method> <!-- clearCookies -->
        <test-method status="PASS" signature="googleMilkExample()[pri:0, instance:com.lazerycode.selenium.tests.GoogleExampleIT@3d8c7aca]" name="googleMilkExample" duration-ms="951" started-at="2017-11-23T14:39:34Z" finished-at="2017-11-23T14:39:35Z">
          <reporter-output>
          </reporter-output>
        </test-method> <!-- googleMilkExample -->
        <test-method status="PASS" signature="clearCookies()[pri:0, instance:com.lazerycode.selenium.tests.GoogleExampleIT@3d8c7aca]" name="clearCookies" is-config="true" duration-ms="9" started-at="2017-11-23T14:39:35Z" finished-at="2017-11-23T14:39:35Z">
          <reporter-output>
          </reporter-output>
        </test-method> <!-- clearCookies -->
        <test-method status="PASS" signature="closeDriverObjects()[pri:0, instance:com.lazerycode.selenium.tests.GoogleExampleIT@3d8c7aca]" name="closeDriverObjects" is-config="true" duration-ms="225" started-at="2017-11-23T14:39:35Z" finished-at="2017-11-23T14:39:35Z">
          <reporter-output>
          </reporter-output>
        </test-method> <!-- closeDriverObjects -->
      </class> <!-- com.lazerycode.selenium.tests.GoogleExampleIT -->
    </test> <!-- Surefire test -->
  </suite> <!-- Surefire suite -->
</testng-results>
